Build started 07/05/2017 16:32:49.
     1>Project "F:\code\QuakeClone\QuakeClone\QuakeClone.vcxproj" on node 2 (build target(s)).
     1>InitializeBuildStatus:
         Creating "Release\QuakeClone.unsuccessfulbuild" because "AlwaysCreate" was specified.
       ClCompile:
         F:\Programs\VS10\VC\bin\CL.exe /c /Zi /nologo /W3 /WX- /Ox /Oi /Oy- /GL /D PLATFORM_DEBUG /D _MBCS /Gm- /MT /GS /Gy /fp:precise /Zc:wchar_t /Zc:forScope /Fo"Release\\" /Fd"Release\vc100.pdb" /Gd /TP /analyze- /errorReport:prompt common.cc
         common.cc
       Link:
         F:\Programs\VS10\VC\bin\link.exe /ERRORREPORT:PROMPT /OUT:"F:\code\QuakeClone\Release\QuakeClone.exe" /NOLOGO winmm.lib kernel32.lib user32.lib gdi32.lib winspool.lib comdlg32.lib advapi32.lib shell32.lib ole32.lib oleaut32.lib uuid.lib odbc32.lib odbccp32.lib /MANIFEST /ManifestFile:"Release\QuakeClone.exe.intermediate.manifest" /MANIFESTUAC:"level='asInvoker' uiAccess='false'" /DEBUG /PDB:"F:\code\QuakeClone\Release\QuakeClone.pdb" /OPT:REF /OPT:ICF /LTCG /TLBID:1 /DYNAMICBASE /NXCOMPAT /IMPLIB:"F:\code\QuakeClone\Release\QuakeClone.lib" /MACHINE:X86 Release\common.obj
         Release\entity.obj
         Release\input.obj
         Release\lights.obj
         Release\math.obj
         Release\misc.obj
         Release\plg_loader.obj
         Release\r_cmds.obj
         Release\r_init.obj
         Release\r_main.obj
         Release\r_scene.obj
         Release\r_backend.obj
         Release\win_console.obj
         Release\win_shared.obj
         Release\win_main.obj
         Release\win_main_window.obj
         Release\win_r.obj
         Release\win_wndproc.obj
         Generating code
         Finished generating code
         QuakeClone.vcxproj -> F:\code\QuakeClone\Release\QuakeClone.exe
       Manifest:
         C:\Program Files (x86)\Microsoft SDKs\Windows\v7.0A\bin\mt.exe /nologo /verbose /outputresource:"F:\code\QuakeClone\Release\QuakeClone.exe;#1" /manifest Release\QuakeClone.exe.intermediate.manifest
       FinalizeBuildStatus:
         Deleting file "Release\QuakeClone.unsuccessfulbuild".
         Touching "Release\QuakeClone.lastbuildstate".
     1>Done Building Project "F:\code\QuakeClone\QuakeClone\QuakeClone.vcxproj" (build target(s)).

Build succeeded.

Time Elapsed 00:00:00.82
