W:\work\QuakeClone\QuakeClone\Release\cl.command.1.tlog
W:\work\QuakeClone\QuakeClone\Release\CL.read.1.tlog
W:\work\QuakeClone\QuakeClone\Release\CL.write.1.tlog
W:\work\QuakeClone\QuakeClone\Release\link.command.1.tlog
W:\work\QuakeClone\QuakeClone\Release\link.read.1.tlog
W:\work\QuakeClone\QuakeClone\Release\link.write.1.tlog
W:\WORK\QUAKECLONE\QUAKECLONE\RELEASE\QC_CL_MAIN.OBJ
W:\WORK\QUAKECLONE\QUAKECLONE\RELEASE\QC_CLIENT_KEYS.OBJ
W:\WORK\QUAKECLONE\QUAKECLONE\RELEASE\QC_COMMON.OBJ
W:\WORK\QUAKECLONE\QUAKECLONE\RELEASE\QC_CVAR.OBJ
W:\WORK\QUAKECLONE\QUAKECLONE\RELEASE\QC_SV_MAIN.OBJ
W:\WORK\QUAKECLONE\QUAKECLONE\RELEASE\QC_WIN_CONSOLE.OBJ
W:\WORK\QUAKECLONE\QUAKECLONE\RELEASE\QC_WIN_INPUT.OBJ
W:\WORK\QUAKECLONE\QUAKECLONE\RELEASE\QC_WIN_MAIN.OBJ
W:\WORK\QUAKECLONE\QUAKECLONE\RELEASE\QC_WIN_SHARED.OBJ
W:\WORK\QUAKECLONE\QUAKECLONE\RELEASE\QC_WIN_SOFTREND.OBJ
W:\WORK\QUAKECLONE\QUAKECLONE\RELEASE\QC_WIN_WNDPROC.OBJ
W:\work\QuakeClone\QuakeClone\Release\QuakeClone.vcxprojResolveAssemblyReference.cache
W:\work\QuakeClone\QuakeClone\Release\QuakeClone.write.1.tlog
W:\WORK\QUAKECLONE\QUAKECLONE\RELEASE\VC100.PDB
