f:\code\quakeclone\quakeclone\quakeclone\x64\debug\vc120.pdb
f:\code\quakeclone\quakeclone\x64\debug\quakeclone.ilk
f:\code\quakeclone\quakeclone\x64\debug\quakeclone.exe
f:\code\quakeclone\quakeclone\x64\debug\quakeclone.pdb
f:\code\quakeclone\quakeclone\quakeclone\x64\debug\common.obj
f:\code\quakeclone\quakeclone\quakeclone\x64\debug\entity.obj
f:\code\quakeclone\quakeclone\quakeclone\x64\debug\fonts.obj
f:\code\quakeclone\quakeclone\quakeclone\x64\debug\input.obj
f:\code\quakeclone\quakeclone\quakeclone\x64\debug\lights.obj
f:\code\quakeclone\quakeclone\quakeclone\x64\debug\math.obj
f:\code\quakeclone\quakeclone\quakeclone\x64\debug\r_backend.obj
f:\code\quakeclone\quakeclone\quakeclone\x64\debug\r_cmds.obj
f:\code\quakeclone\quakeclone\quakeclone\x64\debug\r_init.obj
f:\code\quakeclone\quakeclone\quakeclone\x64\debug\r_main.obj
f:\code\quakeclone\quakeclone\quakeclone\x64\debug\win_console.obj
f:\code\quakeclone\quakeclone\quakeclone\x64\debug\win_main.obj
f:\code\quakeclone\quakeclone\quakeclone\x64\debug\win_main_window.obj
f:\code\quakeclone\quakeclone\quakeclone\x64\debug\win_r.obj
f:\code\quakeclone\quakeclone\quakeclone\x64\debug\win_shared.obj
f:\code\quakeclone\quakeclone\quakeclone\x64\debug\win_wndproc.obj
f:\code\quakeclone\quakeclone\quakeclone\x64\debug\quakeclone.tlog\cl.command.1.tlog
f:\code\quakeclone\quakeclone\quakeclone\x64\debug\quakeclone.tlog\cl.read.1.tlog
f:\code\quakeclone\quakeclone\quakeclone\x64\debug\quakeclone.tlog\cl.write.1.tlog
f:\code\quakeclone\quakeclone\quakeclone\x64\debug\quakeclone.tlog\link.command.1.tlog
f:\code\quakeclone\quakeclone\quakeclone\x64\debug\quakeclone.tlog\link.read.1.tlog
f:\code\quakeclone\quakeclone\quakeclone\x64\debug\quakeclone.tlog\link.write.1.tlog
