F:\CODE\DOOM3BFG\DOOM-3-BFG-MASTER\DOOM-3-BFG-MASTER\NEO\DEBUG\QUAKECLONE.EXE
F:\CODE\DOOM3BFG\DOOM-3-BFG-MASTER\DOOM-3-BFG-MASTER\NEO\DEBUG\QUAKECLONE.ILK
F:\CODE\DOOM3BFG\DOOM-3-BFG-MASTER\DOOM-3-BFG-MASTER\NEO\DEBUG\QUAKECLONE.PDB
F:\code\QuakeClone\QuakeClone\Debug\cl.command.1.tlog
F:\code\QuakeClone\QuakeClone\Debug\CL.read.1.tlog
F:\code\QuakeClone\QuakeClone\Debug\CL.write.1.tlog
F:\code\QuakeClone\QuakeClone\Debug\link.command.1.tlog
F:\code\QuakeClone\QuakeClone\Debug\link.read.1.tlog
F:\code\QuakeClone\QuakeClone\Debug\link.write.1.tlog
F:\code\QuakeClone\QuakeClone\Debug\mt.command.1.tlog
F:\code\QuakeClone\QuakeClone\Debug\mt.read.1.tlog
F:\code\QuakeClone\QuakeClone\Debug\mt.write.1.tlog
F:\CODE\QUAKECLONE\QUAKECLONE\DEBUG\QC_CL_MAIN.OBJ
F:\CODE\QUAKECLONE\QUAKECLONE\DEBUG\QC_CLIENT_KEYS.OBJ
F:\CODE\QUAKECLONE\QUAKECLONE\DEBUG\QC_COMMON.OBJ
F:\CODE\QUAKECLONE\QUAKECLONE\DEBUG\QC_CVAR.OBJ
F:\CODE\QUAKECLONE\QUAKECLONE\DEBUG\QC_SV_MAIN.OBJ
F:\CODE\QUAKECLONE\QUAKECLONE\DEBUG\QC_WIN_CONSOLE.OBJ
F:\CODE\QUAKECLONE\QUAKECLONE\DEBUG\QC_WIN_INPUT.OBJ
F:\CODE\QUAKECLONE\QUAKECLONE\DEBUG\QC_WIN_MAIN.OBJ
F:\CODE\QUAKECLONE\QUAKECLONE\DEBUG\QC_WIN_SHARED.OBJ
F:\CODE\QUAKECLONE\QUAKECLONE\DEBUG\QC_WIN_SOFTREND.OBJ
F:\CODE\QUAKECLONE\QUAKECLONE\DEBUG\QC_WIN_WNDPROC.OBJ
F:\CODE\QUAKECLONE\QUAKECLONE\DEBUG\QUAKECLONE.EXE.INTERMEDIATE.MANIFEST
F:\code\QuakeClone\QuakeClone\Debug\QuakeClone.vcxprojResolveAssemblyReference.cache
F:\code\QuakeClone\QuakeClone\Debug\QuakeClone.write.1.tlog
F:\code\QuakeClone\QuakeClone\Debug\vc100.idb
F:\CODE\QUAKECLONE\QUAKECLONE\DEBUG\VC100.PDB
