f:\code\quakeclone\sr - copy\sr\x64\release\vc141.pdb
f:\code\quakeclone\sr - copy\sr\x64\release\win_wndproc.obj
f:\code\quakeclone\sr - copy\sr\x64\release\win_r.obj
f:\code\quakeclone\sr - copy\sr\x64\release\win_main_window.obj
f:\code\quakeclone\sr - copy\sr\x64\release\win_main.obj
f:\code\quakeclone\sr - copy\sr\x64\release\win_shared.obj
f:\code\quakeclone\sr - copy\sr\x64\release\win_console.obj
f:\code\quakeclone\sr - copy\sr\x64\release\r_backend.obj
f:\code\quakeclone\sr - copy\sr\x64\release\r_main.obj
f:\code\quakeclone\sr - copy\sr\x64\release\r_init.obj
f:\code\quakeclone\sr - copy\sr\x64\release\r_cmds.obj
f:\code\quakeclone\sr - copy\sr\x64\release\math.obj
f:\code\quakeclone\sr - copy\sr\x64\release\lights.obj
f:\code\quakeclone\sr - copy\sr\x64\release\input.obj
f:\code\quakeclone\sr - copy\sr\x64\release\fonts.obj
f:\code\quakeclone\sr - copy\sr\x64\release\entity.obj
f:\code\quakeclone\sr - copy\sr\x64\release\common.obj
f:\code\quakeclone\sr - copy\x64\release\sr.exe
f:\code\quakeclone\sr - copy\x64\release\sr.pdb
f:\code\quakeclone\sr - copy\x64\release\sr.ipdb
f:\code\quakeclone\sr - copy\x64\release\sr.iobj
f:\code\quakeclone\sr - copy\sr\x64\release\sr.tlog\cl.command.1.tlog
f:\code\quakeclone\sr - copy\sr\x64\release\sr.tlog\cl.read.1.tlog
f:\code\quakeclone\sr - copy\sr\x64\release\sr.tlog\cl.write.1.tlog
f:\code\quakeclone\sr - copy\sr\x64\release\sr.tlog\link.command.1.tlog
f:\code\quakeclone\sr - copy\sr\x64\release\sr.tlog\link.read.1.tlog
f:\code\quakeclone\sr - copy\sr\x64\release\sr.tlog\link.write.1.tlog
f:\code\quakeclone\sr - copy\sr\x64\release\sr.tlog\sr.write.1u.tlog
