  common.cc
f:\code\quakeclone\sr - copy\sr\ino_bmp.h(129): warning C4101: 'ma': unreferenced local variable
f:\code\quakeclone\sr - copy\sr\common.cc(204): warning C4100: 'se': unreferenced formal parameter
f:\code\quakeclone\sr - copy\sr\ino_stretchy_buffer.c(31): warning C4505: 'sb__grow': unreferenced local function has been removed
f:\code\quakeclone\sr - copy\sr\ino_stretchy_buffer.c(53): warning C4505: 'sb__clear': unreferenced local function has been removed
f:\code\quakeclone\sr - copy\sr\r_types.h(29): warning C4505: 'Makepoint2D': unreferenced local function has been removed
  entity.cc
f:\code\quakeclone\sr - copy\sr\ino_stretchy_buffer.c(31): warning C4505: 'sb__grow': unreferenced local function has been removed
f:\code\quakeclone\sr - copy\sr\ino_stretchy_buffer.c(53): warning C4505: 'sb__clear': unreferenced local function has been removed
f:\code\quakeclone\sr - copy\sr\r_types.h(29): warning C4505: 'Makepoint2D': unreferenced local function has been removed
  fonts.cc
f:\code\quakeclone\sr - copy\sr\ino_stretchy_buffer.c(31): warning C4505: 'sb__grow': unreferenced local function has been removed
f:\code\quakeclone\sr - copy\sr\ino_stretchy_buffer.c(53): warning C4505: 'sb__clear': unreferenced local function has been removed
f:\code\quakeclone\sr - copy\sr\stb_truetype.h(1422): warning C4505: 'stbtt_GetCodepointShape': unreferenced local function has been removed
f:\code\quakeclone\sr - copy\sr\stb_truetype.h(1474): warning C4505: 'stbtt_GetCodepointBox': unreferenced local function has been removed
f:\code\quakeclone\sr - copy\sr\stb_truetype.h(1479): warning C4505: 'stbtt_IsGlyphEmpty': unreferenced local function has been removed
f:\code\quakeclone\sr - copy\sr\stb_truetype.h(2185): warning C4505: 'stbtt_GetCodepointKernAdvance': unreferenced local function has been removed
f:\code\quakeclone\sr - copy\sr\stb_truetype.h(2192): warning C4505: 'stbtt_GetCodepointHMetrics': unreferenced local function has been removed
f:\code\quakeclone\sr - copy\sr\stb_truetype.h(2204): warning C4505: 'stbtt_GetFontBoundingBox': unreferenced local function has been removed
f:\code\quakeclone\sr - copy\sr\stb_truetype.h(2224): warning C4505: 'stbtt_FreeShape': unreferenced local function has been removed
f:\code\quakeclone\sr - copy\sr\stb_truetype.h(2262): warning C4505: 'stbtt_GetCodepointBitmapBox': unreferenced local function has been removed
f:\code\quakeclone\sr - copy\sr\stb_truetype.h(3190): warning C4505: 'stbtt_GetGlyphBitmap': unreferenced local function has been removed
f:\code\quakeclone\sr - copy\sr\stb_truetype.h(3234): warning C4505: 'stbtt_MakeCodepointBitmap': unreferenced local function has been removed
f:\code\quakeclone\sr - copy\sr\stb_truetype.h(3291): warning C4505: 'stbtt_GetBakedQuad': unreferenced local function has been removed
f:\code\quakeclone\sr - copy\sr\stb_truetype.h(3389): warning C4505: 'stbtt_PackBegin': unreferenced local function has been removed
f:\code\quakeclone\sr - copy\sr\stb_truetype.h(3420): warning C4505: 'stbtt_PackEnd': unreferenced local function has been removed
f:\code\quakeclone\sr - copy\sr\stb_truetype.h(3426): warning C4505: 'stbtt_PackSetOversampling': unreferenced local function has been removed
f:\code\quakeclone\sr - copy\sr\stb_truetype.h(3727): warning C4505: 'stbtt_PackFontRange': unreferenced local function has been removed
f:\code\quakeclone\sr - copy\sr\stb_truetype.h(3739): warning C4505: 'stbtt_GetPackedQuad': unreferenced local function has been removed
f:\code\quakeclone\sr - copy\sr\stb_truetype.h(3819): warning C4505: 'stbtt_GetFontNameString': unreferenced local function has been removed
f:\code\quakeclone\sr - copy\sr\stb_truetype.h(3932): warning C4505: 'stbtt_BakeFontBitmap': unreferenced local function has been removed
f:\code\quakeclone\sr - copy\sr\stb_truetype.h(3944): warning C4505: 'stbtt_GetNumberOfFonts': unreferenced local function has been removed
f:\code\quakeclone\sr - copy\sr\stb_truetype.h(3954): warning C4505: 'stbtt_FindMatchingFont': unreferenced local function has been removed
f:\code\quakeclone\sr - copy\sr\stb_truetype.h(3959): warning C4505: 'stbtt_CompareUTF8toUTF16_bigendian': unreferenced local function has been removed
  input.cc
f:\code\quakeclone\sr - copy\sr\ino_stretchy_buffer.c(31): warning C4505: 'sb__grow': unreferenced local function has been removed
f:\code\quakeclone\sr - copy\sr\ino_stretchy_buffer.c(53): warning C4505: 'sb__clear': unreferenced local function has been removed
  lights.cc
f:\code\quakeclone\sr - copy\sr\lights.cc(51): warning C4189: 'nlen': local variable is initialized but not referenced
f:\code\quakeclone\sr - copy\sr\ino_stretchy_buffer.c(31): warning C4505: 'sb__grow': unreferenced local function has been removed
f:\code\quakeclone\sr - copy\sr\ino_stretchy_buffer.c(53): warning C4505: 'sb__clear': unreferenced local function has been removed
f:\code\quakeclone\sr - copy\sr\r_types.h(29): warning C4505: 'Makepoint2D': unreferenced local function has been removed
  math.cc
f:\code\quakeclone\sr - copy\sr\ino_stretchy_buffer.c(31): warning C4505: 'sb__grow': unreferenced local function has been removed
f:\code\quakeclone\sr - copy\sr\ino_stretchy_buffer.c(53): warning C4505: 'sb__clear': unreferenced local function has been removed
f:\code\quakeclone\sr - copy\sr\r_types.h(29): warning C4505: 'Makepoint2D': unreferenced local function has been removed
  r_cmds.cc
f:\code\quakeclone\sr - copy\sr\ino_stretchy_buffer.c(31): warning C4505: 'sb__grow': unreferenced local function has been removed
f:\code\quakeclone\sr - copy\sr\ino_stretchy_buffer.c(53): warning C4505: 'sb__clear': unreferenced local function has been removed
f:\code\quakeclone\sr - copy\sr\r_types.h(29): warning C4505: 'Makepoint2D': unreferenced local function has been removed
  r_init.cc
f:\code\quakeclone\sr - copy\sr\ino_stretchy_buffer.c(31): warning C4505: 'sb__grow': unreferenced local function has been removed
f:\code\quakeclone\sr - copy\sr\ino_stretchy_buffer.c(53): warning C4505: 'sb__clear': unreferenced local function has been removed
f:\code\quakeclone\sr - copy\sr\r_types.h(29): warning C4505: 'Makepoint2D': unreferenced local function has been removed
  r_main.cc
f:\code\quakeclone\sr - copy\sr\r_main.cc(584): warning C4456: declaration of 'v' hides previous local declaration
  f:\code\quakeclone\sr - copy\sr\r_main.cc(570): note: see declaration of 'v'
f:\code\quakeclone\sr - copy\sr\r_main.cc(585): warning C4456: declaration of 'tex_v' hides previous local declaration
  f:\code\quakeclone\sr - copy\sr\r_main.cc(571): note: see declaration of 'tex_v'
f:\code\quakeclone\sr - copy\sr\r_main.cc(586): warning C4456: declaration of 'denom' hides previous local declaration
  f:\code\quakeclone\sr - copy\sr\r_main.cc(572): note: see declaration of 'denom'
f:\code\quakeclone\sr - copy\sr\r_main.cc(602): warning C4456: declaration of 'v' hides previous local declaration
  f:\code\quakeclone\sr - copy\sr\r_main.cc(570): note: see declaration of 'v'
f:\code\quakeclone\sr - copy\sr\r_main.cc(603): warning C4456: declaration of 'tex_v' hides previous local declaration
  f:\code\quakeclone\sr - copy\sr\r_main.cc(571): note: see declaration of 'tex_v'
f:\code\quakeclone\sr - copy\sr\r_main.cc(604): warning C4456: declaration of 'denom' hides previous local declaration
  f:\code\quakeclone\sr - copy\sr\r_main.cc(572): note: see declaration of 'denom'
f:\code\quakeclone\sr - copy\sr\r_main.cc(620): warning C4456: declaration of 'v' hides previous local declaration
  f:\code\quakeclone\sr - copy\sr\r_main.cc(570): note: see declaration of 'v'
f:\code\quakeclone\sr - copy\sr\r_main.cc(621): warning C4456: declaration of 'tex_v' hides previous local declaration
  f:\code\quakeclone\sr - copy\sr\r_main.cc(571): note: see declaration of 'tex_v'
f:\code\quakeclone\sr - copy\sr\r_main.cc(622): warning C4456: declaration of 'denom' hides previous local declaration
  f:\code\quakeclone\sr - copy\sr\r_main.cc(572): note: see declaration of 'denom'
f:\code\quakeclone\sr - copy\sr\r_main.cc(638): warning C4456: declaration of 'v' hides previous local declaration
  f:\code\quakeclone\sr - copy\sr\r_main.cc(570): note: see declaration of 'v'
f:\code\quakeclone\sr - copy\sr\r_main.cc(639): warning C4456: declaration of 'tex_v' hides previous local declaration
  f:\code\quakeclone\sr - copy\sr\r_main.cc(571): note: see declaration of 'tex_v'
f:\code\quakeclone\sr - copy\sr\r_main.cc(640): warning C4456: declaration of 'denom' hides previous local declaration
  f:\code\quakeclone\sr - copy\sr\r_main.cc(572): note: see declaration of 'denom'
f:\code\quakeclone\sr - copy\sr\ino_stretchy_buffer.c(31): warning C4505: 'sb__grow': unreferenced local function has been removed
f:\code\quakeclone\sr - copy\sr\ino_stretchy_buffer.c(53): warning C4505: 'sb__clear': unreferenced local function has been removed
f:\code\quakeclone\sr - copy\sr\r_types.h(29): warning C4505: 'Makepoint2D': unreferenced local function has been removed
  r_backend.cc
f:\code\quakeclone\sr - copy\sr\r_backend.cc(338): warning C4456: declaration of 'a' hides previous local declaration
  f:\code\quakeclone\sr - copy\sr\r_backend.cc(248): note: see declaration of 'a'
f:\code\quakeclone\sr - copy\sr\r_backend.cc(339): warning C4456: declaration of 'b' hides previous local declaration
  f:\code\quakeclone\sr - copy\sr\r_backend.cc(249): note: see declaration of 'b'
f:\code\quakeclone\sr - copy\sr\r_backend.cc(181): warning C4100: 'bpp': unreferenced formal parameter
f:\code\quakeclone\sr - copy\sr\r_backend.cc(315): warning C4189: 'z': local variable is initialized but not referenced
f:\code\quakeclone\sr - copy\sr\ino_stretchy_buffer.c(31): warning C4505: 'sb__grow': unreferenced local function has been removed
f:\code\quakeclone\sr - copy\sr\ino_stretchy_buffer.c(53): warning C4505: 'sb__clear': unreferenced local function has been removed
f:\code\quakeclone\sr - copy\sr\r_types.h(29): warning C4505: 'Makepoint2D': unreferenced local function has been removed
  win_console.cc
f:\code\quakeclone\sr - copy\sr\win_console.cc(15): warning C4101: 'cmd_string': unreferenced local variable
f:\code\quakeclone\sr - copy\sr\ino_stretchy_buffer.c(31): warning C4505: 'sb__grow': unreferenced local function has been removed
f:\code\quakeclone\sr - copy\sr\ino_stretchy_buffer.c(53): warning C4505: 'sb__clear': unreferenced local function has been removed
  win_shared.cc
f:\code\quakeclone\sr - copy\sr\ino_stretchy_buffer.c(31): warning C4505: 'sb__grow': unreferenced local function has been removed
f:\code\quakeclone\sr - copy\sr\ino_stretchy_buffer.c(53): warning C4505: 'sb__clear': unreferenced local function has been removed
  win_main.cc
f:\code\quakeclone\sr - copy\sr\win_main.cc(115): warning C4189: 'event_time': local variable is initialized but not referenced
f:\code\quakeclone\sr - copy\sr\win_main.cc(118): warning C4100: 'cmd_show': unreferenced formal parameter
f:\code\quakeclone\sr - copy\sr\win_main.cc(118): warning C4100: 'cmd_line': unreferenced formal parameter
f:\code\quakeclone\sr - copy\sr\win_main.cc(118): warning C4100: 'prev_instance': unreferenced formal parameter
f:\code\quakeclone\sr - copy\sr\ino_stretchy_buffer.c(31): warning C4505: 'sb__grow': unreferenced local function has been removed
f:\code\quakeclone\sr - copy\sr\ino_stretchy_buffer.c(53): warning C4505: 'sb__clear': unreferenced local function has been removed
f:\code\quakeclone\sr - copy\sr\r_types.h(29): warning C4505: 'Makepoint2D': unreferenced local function has been removed
  win_main_window.cc
f:\code\quakeclone\sr - copy\sr\ino_stretchy_buffer.c(31): warning C4505: 'sb__grow': unreferenced local function has been removed
f:\code\quakeclone\sr - copy\sr\ino_stretchy_buffer.c(53): warning C4505: 'sb__clear': unreferenced local function has been removed
f:\code\quakeclone\sr - copy\sr\r_types.h(29): warning C4505: 'Makepoint2D': unreferenced local function has been removed
  win_r.cc
f:\code\quakeclone\sr - copy\sr\ino_stretchy_buffer.c(31): warning C4505: 'sb__grow': unreferenced local function has been removed
f:\code\quakeclone\sr - copy\sr\ino_stretchy_buffer.c(53): warning C4505: 'sb__clear': unreferenced local function has been removed
f:\code\quakeclone\sr - copy\sr\r_types.h(29): warning C4505: 'Makepoint2D': unreferenced local function has been removed
  win_wndproc.cc
f:\code\quakeclone\sr - copy\sr\ino_stretchy_buffer.c(31): warning C4505: 'sb__grow': unreferenced local function has been removed
f:\code\quakeclone\sr - copy\sr\ino_stretchy_buffer.c(53): warning C4505: 'sb__clear': unreferenced local function has been removed
  Generating code
f:\code\quakeclone\sr - copy\sr\win_r.cc(69): warning C4706: assignment within conditional expression
f:\code\quakeclone\sr - copy\sr\win_r.cc(105): warning C4706: assignment within conditional expression
f:\code\quakeclone\sr - copy\sr\win_r.cc(109): warning C4706: assignment within conditional expression
f:\code\quakeclone\sr - copy\sr\r_backend.cc(397): warning C4706: assignment within conditional expression
f:\code\quakeclone\sr - copy\sr\win_main.cc(140): warning C4702: unreachable code
  All 147 functions were compiled because no usable IPDB/IOBJ from previous compilation was found.
  Finished generating code
  SR.vcxproj -> F:\code\QuakeClone\SR - Copy\x64\Release\SR.exe
